<?xml version="1.0" encoding="UTF-8"?>
<testng-results ignored="0" total="1" passed="1" failed="0" skipped="0">
  <reporter-output>
  </reporter-output>
  <suite started-at="2024-04-25T17:18:48 IST" name="All Test Suite" finished-at="2024-04-25T17:18:53 IST" duration-ms="4507">
    <groups>
    </groups>
    <test started-at="2024-04-25T17:18:48 IST" name="C:/Users/Sailakshmi_Vuriti/eclipse-workspace/projectForJenkins" finished-at="2024-04-25T17:18:53 IST" duration-ms="4507">
      <class name="GooglePageTest">
        <test-method signature="googleText()[pri:0, instance:GooglePageTest@470f1802]" started-at="2024-04-25T17:18:48 IST" name="googleText" finished-at="2024-04-25T17:18:53 IST" duration-ms="4318" status="PASS">
          <reporter-output>
          </reporter-output>
        </test-method> <!-- googleText -->
        <test-method is-config="true" signature="tearDown()[pri:0, instance:GooglePageTest@470f1802]" started-at="2024-04-25T17:18:53 IST" name="tearDown" finished-at="2024-04-25T17:18:53 IST" duration-ms="158" status="PASS">
          <reporter-output>
          </reporter-output>
        </test-method> <!-- tearDown -->
      </class> <!-- GooglePageTest -->
    </test> <!-- C:/Users/Sailakshmi_Vuriti/eclipse-workspace/projectForJenkins -->
  </suite> <!-- All Test Suite -->
</testng-results>
